e:\programmieren\freschi\sfmlgameengine\sfmlgameengine\project\project\release\vc120.pdb
e:\programmieren\freschi\sfmlgameengine\sfmlgameengine\project\project\release\luawrapper_scenenode.obj
e:\programmieren\freschi\sfmlgameengine\sfmlgameengine\project\project\release\luawrapper_scenebuilder.obj
e:\programmieren\freschi\sfmlgameengine\sfmlgameengine\project\project\release\luawrapper_human.obj
e:\programmieren\freschi\sfmlgameengine\sfmlgameengine\project\project\release\luawrapper_genericsf.obj
e:\programmieren\freschi\sfmlgameengine\sfmlgameengine\project\project\release\luawrapper_entity.obj
e:\programmieren\freschi\sfmlgameengine\sfmlgameengine\project\project\release\luawrapper_base.obj
e:\programmieren\freschi\sfmlgameengine\sfmlgameengine\project\project\release\luamanager_general.obj
e:\programmieren\freschi\sfmlgameengine\sfmlgameengine\project\project\release\luamanager_debug.obj
e:\programmieren\freschi\sfmlgameengine\sfmlgameengine\project\project\release\luamanager.obj
e:\programmieren\freschi\sfmlgameengine\sfmlgameengine\project\project\release\luaenums.obj
e:\programmieren\freschi\sfmlgameengine\sfmlgameengine\project\project\release\generalfunctions.obj
e:\programmieren\freschi\sfmlgameengine\sfmlgameengine\project\project\release\luawrapper_shapes.obj
e:\programmieren\freschi\sfmlgameengine\sfmlgameengine\project\project\release\gamestate.obj
e:\programmieren\freschi\sfmlgameengine\sfmlgameengine\project\project\release\game.obj
e:\programmieren\freschi\sfmlgameengine\sfmlgameengine\project\project\release\entity.obj
e:\programmieren\freschi\sfmlgameengine\sfmlgameengine\project\project\release\config.obj
e:\programmieren\freschi\sfmlgameengine\sfmlgameengine\project\project\release\commandqueue.obj
e:\programmieren\freschi\sfmlgameengine\sfmlgameengine\project\project\release\command.obj
e:\programmieren\freschi\sfmlgameengine\sfmlgameengine\project\project\release\basehuman.obj
e:\programmieren\freschi\sfmlgameengine\sfmlgameengine\project\project\release\aircraft.obj
e:\programmieren\freschi\sfmlgameengine\sfmlgameengine\project\project\release\world.obj
e:\programmieren\freschi\sfmlgameengine\sfmlgameengine\project\project\release\utility.obj
e:\programmieren\freschi\sfmlgameengine\sfmlgameengine\project\project\release\titlestate.obj
e:\programmieren\freschi\sfmlgameengine\sfmlgameengine\project\project\release\inifile.obj
e:\programmieren\freschi\sfmlgameengine\sfmlgameengine\project\project\release\statestack.obj
e:\programmieren\freschi\sfmlgameengine\sfmlgameengine\project\project\release\state.obj
e:\programmieren\freschi\sfmlgameengine\sfmlgameengine\project\project\release\spritenode.obj
e:\programmieren\freschi\sfmlgameengine\sfmlgameengine\project\project\release\scenenode.obj
e:\programmieren\freschi\sfmlgameengine\sfmlgameengine\project\project\release\playerentity.obj
e:\programmieren\freschi\sfmlgameengine\sfmlgameengine\project\project\release\player.obj
e:\programmieren\freschi\sfmlgameengine\sfmlgameengine\project\project\release\physics.obj
e:\programmieren\freschi\sfmlgameengine\sfmlgameengine\project\project\release\menustate.obj
e:\programmieren\freschi\sfmlgameengine\sfmlgameengine\project\project\release\main.obj
e:\programmieren\freschi\sfmlgameengine\sfmlgameengine\project\project\release\luawrapper_spritenode.obj
e:\programmieren\freschi\sfmlgameengine\sfmlgameengine\project\project\release\loading.obj
e:\programmieren\freschi\sfmlgameengine\sfmlgameengine\project\project\release\loadingtask.obj
e:\programmieren\freschi\sfmlgameengine\sfmlgameengine\project\project\release\loadingstate.obj
e:\programmieren\freschi\sfmlgameengine\sfmlgameengine\project\project\release\luawrapper_loadingscreendata.obj
e:\programmieren\freschi\sfmlgameengine\sfmlgameengine\project\project\release\pausestate.obj
e:\programmieren\freschi\sfmlgameengine\sfmlgameengine\project\project\release\luawrapper_gui.obj
e:\programmieren\freschi\sfmlgameengine\sfmlgameengine\project\project\release\filewatcherwin32.obj
e:\programmieren\freschi\sfmlgameengine\sfmlgameengine\project\project\release\filewatcherosx.obj
e:\programmieren\freschi\sfmlgameengine\sfmlgameengine\project\project\release\filewatcherlinux.obj
e:\programmieren\freschi\sfmlgameengine\sfmlgameengine\project\project\release\filewatcher.obj
e:\programmieren\freschi\sfmlgameengine\sfmlgameengine\project\project\release\luaautorefresh.obj
e:\programmieren\freschi\sfmlgameengine\sfmlgameengine\project\release\project.pdb
e:\programmieren\freschi\sfmlgameengine\sfmlgameengine\project\project\release\project.tlog\cl.command.1.tlog
e:\programmieren\freschi\sfmlgameengine\sfmlgameengine\project\project\release\project.tlog\cl.read.1.tlog
e:\programmieren\freschi\sfmlgameengine\sfmlgameengine\project\project\release\project.tlog\cl.write.1.tlog
e:\programmieren\freschi\sfmlgameengine\sfmlgameengine\project\project\release\project.tlog\link.command.1.tlog
e:\programmieren\freschi\sfmlgameengine\sfmlgameengine\project\project\release\project.tlog\link.read.1.tlog
e:\programmieren\freschi\sfmlgameengine\sfmlgameengine\project\project\release\project.tlog\link.write.1.tlog
